[0127/144654.236:ERROR:directory_reader_win.cc(43)] FindFirstFile: The system cannot find the path specified. (0x3)
[0128/105257.499:ERROR:directory_reader_win.cc(43)] FindFirstFile: The system cannot find the path specified. (0x3)
[0128/113158.600:ERROR:directory_reader_win.cc(43)] FindFirstFile: The system cannot find the path specified. (0x3)
[0128/124842.628:ERROR:directory_reader_win.cc(43)] FindFirstFile: The system cannot find the path specified. (0x3)
[0128/130544.341:ERROR:directory_reader_win.cc(43)] FindFirstFile: The system cannot find the path specified. (0x3)
[0128/153828.410:ERROR:directory_reader_win.cc(43)] FindFirstFile: The system cannot find the path specified. (0x3)
[0128/155139.203:ERROR:directory_reader_win.cc(43)] FindFirstFile: The system cannot find the path specified. (0x3)
[0128/183913.419:ERROR:directory_reader_win.cc(43)] FindFirstFile: The system cannot find the path specified. (0x3)
[0201/121716.716:ERROR:process_reader_win.cc(151)] SuspendThread: Access is denied. (0x5)
[0201/121716.742:ERROR:process_reader_win.cc(123)] NtOpenThread: {Access Denied} A process has requested access to an object, but has not been granted those access rights. (0xc0000022)
[0201/121716.743:ERROR:exception_snapshot_win.cc(99)] thread ID 14872 not found in process
[0201/121716.756:ERROR:process_reader_win.cc(151)] SuspendThread: Access is denied. (0x5)
[0201/121716.757:ERROR:process_reader_win.cc(151)] SuspendThread: Access is denied. (0x5)
[0201/121716.757:ERROR:process_reader_win.cc(151)] SuspendThread: Access is denied. (0x5)
[0201/121716.757:ERROR:process_reader_win.cc(151)] SuspendThread: Access is denied. (0x5)
[0201/121716.757:ERROR:process_reader_win.cc(123)] NtOpenThread: {Access Denied} A process has requested access to an object, but has not been granted those access rights. (0xc0000022)
[0201/121716.758:ERROR:exception_snapshot_win.cc(99)] thread ID 1948 not found in process
[0201/121716.762:ERROR:process_reader_win.cc(151)] SuspendThread: Access is denied. (0x5)
[0201/121716.762:ERROR:process_reader_win.cc(123)] NtOpenThread: {Access Denied} A process has requested access to an object, but has not been granted those access rights. (0xc0000022)
[0201/121716.763:ERROR:exception_snapshot_win.cc(99)] thread ID 37704 not found in process
[0201/121716.772:ERROR:process_reader_win.cc(151)] SuspendThread: Access is denied. (0x5)
[0201/121716.772:ERROR:process_reader_win.cc(151)] SuspendThread: Access is denied. (0x5)
[0201/121716.772:ERROR:process_reader_win.cc(151)] SuspendThread: Access is denied. (0x5)
[0201/121716.772:ERROR:process_reader_win.cc(151)] SuspendThread: Access is denied. (0x5)
[0201/121716.772:ERROR:process_reader_win.cc(151)] SuspendThread: Access is denied. (0x5)
[0201/121716.772:ERROR:process_reader_win.cc(123)] NtOpenThread: {Access Denied} A process has requested access to an object, but has not been granted those access rights. (0xc0000022)
[0201/121716.773:ERROR:exception_snapshot_win.cc(99)] thread ID 31328 not found in process
[0201/121722.335:ERROR:directory_reader_win.cc(43)] FindFirstFile: The system cannot find the path specified. (0x3)
[0201/131632.999:ERROR:process_reader_win.cc(123)] NtOpenThread: {Access Denied} A process has requested access to an object, but has not been granted those access rights. (0xc0000022)
[0201/131633.000:ERROR:exception_snapshot_win.cc(99)] thread ID 32396 not found in process
[0201/131633.022:ERROR:process_reader_win.cc(123)] NtOpenThread: {Access Denied} A process has requested access to an object, but has not been granted those access rights. (0xc0000022)
[0201/131633.022:ERROR:exception_snapshot_win.cc(99)] thread ID 21744 not found in process
[0201/134228.031:ERROR:process_reader_win.cc(151)] SuspendThread: Access is denied. (0x5)
[0201/134228.034:ERROR:process_reader_win.cc(123)] NtOpenThread: {Access Denied} A process has requested access to an object, but has not been granted those access rights. (0xc0000022)
[0201/134228.034:ERROR:exception_snapshot_win.cc(99)] thread ID 30640 not found in process
[0201/134228.037:ERROR:process_reader_win.cc(151)] SuspendThread: Access is denied. (0x5)
[0201/134228.037:ERROR:process_reader_win.cc(151)] SuspendThread: Access is denied. (0x5)
[0201/134228.038:ERROR:process_reader_win.cc(151)] SuspendThread: Access is denied. (0x5)
[0201/134228.038:ERROR:process_reader_win.cc(123)] NtOpenThread: {Access Denied} A process has requested access to an object, but has not been granted those access rights. (0xc0000022)
[0201/134228.038:ERROR:exception_snapshot_win.cc(99)] thread ID 1876 not found in process
[0201/135426.138:ERROR:directory_reader_win.cc(43)] FindFirstFile: The system cannot find the path specified. (0x3)
[0202/180501.281:ERROR:directory_reader_win.cc(43)] FindFirstFile: The system cannot find the path specified. (0x3)
[0202/180838.531:ERROR:process_reader_win.cc(151)] SuspendThread: Access is denied. (0x5)
[0202/180838.532:ERROR:process_reader_win.cc(123)] NtOpenThread: {Access Denied} A process has requested access to an object, but has not been granted those access rights. (0xc0000022)
[0202/180838.533:ERROR:exception_snapshot_win.cc(99)] thread ID 31860 not found in process
[0202/180838.571:ERROR:process_reader_win.cc(151)] SuspendThread: Access is denied. (0x5)
[0202/180838.574:ERROR:process_reader_win.cc(123)] NtOpenThread: {Access Denied} A process has requested access to an object, but has not been granted those access rights. (0xc0000022)
[0202/180838.574:ERROR:exception_snapshot_win.cc(99)] thread ID 34528 not found in process
[0202/180838.619:ERROR:process_reader_win.cc(151)] SuspendThread: Access is denied. (0x5)
[0202/180838.620:ERROR:process_reader_win.cc(151)] SuspendThread: Access is denied. (0x5)
[0202/180838.620:ERROR:process_reader_win.cc(123)] NtOpenThread: {Access Denied} A process has requested access to an object, but has not been granted those access rights. (0xc0000022)
[0202/180838.620:ERROR:exception_snapshot_win.cc(99)] thread ID 33388 not found in process
[0202/180838.653:ERROR:process_reader_win.cc(151)] SuspendThread: Access is denied. (0x5)
[0202/180838.653:ERROR:process_reader_win.cc(151)] SuspendThread: Access is denied. (0x5)
[0202/180838.653:ERROR:process_reader_win.cc(151)] SuspendThread: Access is denied. (0x5)
[0202/180838.653:ERROR:process_reader_win.cc(123)] NtOpenThread: {Access Denied} A process has requested access to an object, but has not been granted those access rights. (0xc0000022)
[0202/180838.654:ERROR:exception_snapshot_win.cc(99)] thread ID 33840 not found in process
[0202/180932.585:ERROR:directory_reader_win.cc(43)] FindFirstFile: The system cannot find the path specified. (0x3)
[0202/180932.586:ERROR:prune_crash_reports.cc(36)] PruneCrashReportDatabase: Failed to get pending reports
[0203/113336.087:ERROR:directory_reader_win.cc(43)] FindFirstFile: The system cannot find the path specified. (0x3)
[0203/133236.556:ERROR:directory_reader_win.cc(43)] FindFirstFile: The system cannot find the path specified. (0x3)
[0203/133300.849:ERROR:directory_reader_win.cc(43)] FindFirstFile: The system cannot find the path specified. (0x3)
[0203/152001.448:ERROR:directory_reader_win.cc(43)] FindFirstFile: The system cannot find the path specified. (0x3)
[0203/153325.981:ERROR:directory_reader_win.cc(43)] FindFirstFile: The system cannot find the path specified. (0x3)
[0203/154833.536:ERROR:directory_reader_win.cc(43)] FindFirstFile: The system cannot find the path specified. (0x3)
[0203/154839.894:ERROR:directory_reader_win.cc(43)] FindFirstFile: The system cannot find the path specified. (0x3)
[0203/154856.152:ERROR:process_reader_win.cc(151)] SuspendThread: Access is denied. (0x5)
[0203/154856.152:ERROR:process_reader_win.cc(123)] NtOpenThread: {Access Denied} A process has requested access to an object, but has not been granted those access rights. (0xc0000022)
[0203/154856.153:ERROR:exception_snapshot_win.cc(99)] thread ID 25324 not found in process
[0203/154856.162:ERROR:process_reader_win.cc(151)] SuspendThread: Access is denied. (0x5)
[0203/154856.162:ERROR:process_reader_win.cc(123)] NtOpenThread: {Access Denied} A process has requested access to an object, but has not been granted those access rights. (0xc0000022)
[0203/154856.170:ERROR:exception_snapshot_win.cc(99)] thread ID 35184 not found in process
[0203/154856.232:ERROR:process_reader_win.cc(123)] NtOpenThread: {Access Denied} A process has requested access to an object, but has not been granted those access rights. (0xc0000022)
[0203/154856.233:ERROR:exception_snapshot_win.cc(99)] thread ID 30308 not found in process
[0203/154856.233:ERROR:process_reader_win.cc(123)] NtOpenThread: {Access Denied} A process has requested access to an object, but has not been granted those access rights. (0xc0000022)
[0203/154856.233:ERROR:exception_snapshot_win.cc(99)] thread ID 24596 not found in process
[0204/050240.749:ERROR:directory_reader_win.cc(43)] FindFirstFile: The system cannot find the path specified. (0x3)
[0204/050240.752:ERROR:prune_crash_reports.cc(36)] PruneCrashReportDatabase: Failed to get pending reports
[0204/113334.619:ERROR:directory_reader_win.cc(43)] FindFirstFile: The system cannot find the path specified. (0x3)
